# JRE version: OpenJDK Runtime Environment (8.0_171-b11) (build 1.8.0_171-8u171-b11-0ubuntu0.16.04.1-b11)
# Java VM: OpenJDK 64-Bit Server VM (25.171-b11 mixed mode linux-amd64 compressed oops)
Heap:
 PSYoungGen      total 32768K, used 11267K [0x00000000dbf80000, 0x00000000dff80000, 0x0000000100000000)
  eden space 28160K, 40% used [0x00000000dbf80000,0x00000000dca80df0,0x00000000ddb00000)
  from space 4608K, 0% used [0x00000000ddb00000,0x00000000ddb00000,0x00000000ddf80000)
  to   space 4608K, 0% used [0x00000000dfb00000,0x00000000dfb00000,0x00000000dff80000)
 ParOldGen       total 66048K, used 11797K [0x0000000093e00000, 0x0000000097e80000, 0x00000000dbf80000)
  object space 66048K, 17% used [0x0000000093e00000,0x0000000094985780,0x0000000097e80000)
 Metaspace       used 21327K, capacity 22516K, committed 22656K, reserved 1069056K
  class space    used 2844K, capacity 3103K, committed 3200K, reserved 1048576K
GC Heap History (8 events):
Event: 2,205 GC heap before
{Heap before GC invocations=1 (full 0):
 PSYoungGen      total 32768K, used 25713K [0x00000000dbf80000, 0x00000000de400000, 0x0000000100000000)
  eden space 28160K, 91% used [0x00000000dbf80000,0x00000000dd89c588,0x00000000ddb00000)
  from space 4608K, 0% used [0x00000000ddf80000,0x00000000ddf80000,0x00000000de400000)
  to   space 4608K, 0% used [0x00000000ddb00000,0x00000000ddb00000,0x00000000ddf80000)
 ParOldGen       total 75264K, used 0K [0x0000000093e00000, 0x0000000098780000, 0x00000000dbf80000)
  object space 75264K, 0% used [0x0000000093e00000,0x0000000093e00000,0x0000000098780000)
 Metaspace       used 11668K, capacity 12064K, committed 12416K, reserved 1060864K
  class space    used 1413K, capacity 1540K, committed 1664K, reserved 1048576K
Event: 2,223 GC heap after
Heap after GC invocations=1 (full 0):
 PSYoungGen      total 32768K, used 4595K [0x00000000dbf80000, 0x00000000de400000, 0x0000000100000000)
  eden space 28160K, 0% used [0x00000000dbf80000,0x00000000dbf80000,0x00000000ddb00000)
  from space 4608K, 99% used [0x00000000ddb00000,0x00000000ddf7cd78,0x00000000ddf80000)
  to   space 4608K, 0% used [0x00000000ddf80000,0x00000000ddf80000,0x00000000de400000)
 ParOldGen       total 75264K, used 2971K [0x0000000093e00000, 0x0000000098780000, 0x00000000dbf80000)
  object space 75264K, 3% used [0x0000000093e00000,0x00000000940e6fd8,0x0000000098780000)
 Metaspace       used 11668K, capacity 12064K, committed 12416K, reserved 1060864K
  class space    used 1413K, capacity 1540K, committed 1664K, reserved 1048576K
}
Event: 8,641 GC heap before
{Heap before GC invocations=2 (full 0):
 PSYoungGen      total 32768K, used 32755K [0x00000000dbf80000, 0x00000000de400000, 0x0000000100000000)
  eden space 28160K, 100% used [0x00000000dbf80000,0x00000000ddb00000,0x00000000ddb00000)
  from space 4608K, 99% used [0x00000000ddb00000,0x00000000ddf7cd78,0x00000000ddf80000)
  to   space 4608K, 0% used [0x00000000ddf80000,0x00000000ddf80000,0x00000000de400000)
 ParOldGen       total 75264K, used 2971K [0x0000000093e00000, 0x0000000098780000, 0x00000000dbf80000)
  object space 75264K, 3% used [0x0000000093e00000,0x00000000940e6fd8,0x0000000098780000)
 Metaspace       used 18430K, capacity 19118K, committed 19328K, reserved 1067008K
  class space    used 2432K, capacity 2610K, committed 2688K, reserved 1048576K
Event: 8,665 GC heap after
Heap after GC invocations=2 (full 0):
 PSYoungGen      total 32768K, used 4577K [0x00000000dbf80000, 0x00000000de400000, 0x0000000100000000)
  eden space 28160K, 0% used [0x00000000dbf80000,0x00000000dbf80000,0x00000000ddb00000)
  from space 4608K, 99% used [0x00000000ddf80000,0x00000000de3f86d0,0x00000000de400000)
  to   space 4608K, 0% used [0x00000000ddb00000,0x00000000ddb00000,0x00000000ddf80000)
 ParOldGen       total 75264K, used 12126K [0x0000000093e00000, 0x0000000098780000, 0x00000000dbf80000)
  object space 75264K, 16% used [0x0000000093e00000,0x00000000949d78d8,0x0000000098780000)
 Metaspace       used 18430K, capacity 19118K, committed 19328K, reserved 1067008K
  class space    used 2432K, capacity 2610K, committed 2688K, reserved 1048576K
}
Event: 9,817 GC heap before
{Heap before GC invocations=3 (full 0):
 PSYoungGen      total 32768K, used 14855K [0x00000000dbf80000, 0x00000000de400000, 0x0000000100000000)
  eden space 28160K, 36% used [0x00000000dbf80000,0x00000000dc9897f0,0x00000000ddb00000)
  from space 4608K, 99% used [0x00000000ddf80000,0x00000000de3f86d0,0x00000000de400000)
  to   space 4608K, 0% used [0x00000000ddb00000,0x00000000ddb00000,0x00000000ddf80000)
 ParOldGen       total 75264K, used 12126K [0x0000000093e00000, 0x0000000098780000, 0x00000000dbf80000)
  object space 75264K, 16% used [0x0000000093e00000,0x00000000949d78d8,0x0000000098780000)
 Metaspace       used 20364K, capacity 21294K, committed 21296K, reserved 1067008K
  class space    used 2710K, capacity 2944K, committed 2944K, reserved 1048576K
Event: 9,848 GC heap after
Heap after GC invocations=3 (full 0):
 PSYoungGen      total 32768K, used 4592K [0x00000000dbf80000, 0x00000000dff80000, 0x0000000100000000)
  eden space 28160K, 0% used [0x00000000dbf80000,0x00000000dbf80000,0x00000000ddb00000)
  from space 4608K, 99% used [0x00000000ddb00000,0x00000000ddf7c060,0x00000000ddf80000)
  to   space 4608K, 0% used [0x00000000dfb00000,0x00000000dfb00000,0x00000000dff80000)
 ParOldGen       total 75264K, used 14188K [0x0000000093e00000, 0x0000000098780000, 0x00000000dbf80000)
  object space 75264K, 18% used [0x0000000093e00000,0x0000000094bdb3a8,0x0000000098780000)
 Metaspace       used 20364K, capacity 21294K, committed 21296K, reserved 1067008K
  class space    used 2710K, capacity 2944K, committed 2944K, reserved 1048576K
}
Event: 9,848 GC heap before
{Heap before GC invocations=4 (full 1):
 PSYoungGen      total 32768K, used 4592K [0x00000000dbf80000, 0x00000000dff80000, 0x0000000100000000)
  eden space 28160K, 0% used [0x00000000dbf80000,0x00000000dbf80000,0x00000000ddb00000)
  from space 4608K, 99% used [0x00000000ddb00000,0x00000000ddf7c060,0x00000000ddf80000)
  to   space 4608K, 0% used [0x00000000dfb00000,0x00000000dfb00000,0x00000000dff80000)
 ParOldGen       total 75264K, used 14188K [0x0000000093e00000, 0x0000000098780000, 0x00000000dbf80000)
  object space 75264K, 18% used [0x0000000093e00000,0x0000000094bdb3a8,0x0000000098780000)
 Metaspace       used 20364K, capacity 21294K, committed 21296K, reserved 1067008K
  class space    used 2710K, capacity 2944K, committed 2944K, reserved 1048576K
Event: 9,987 GC heap after
Heap after GC invocations=4 (full 1):
 PSYoungGen      total 32768K, used 0K [0x00000000dbf80000, 0x00000000dff80000, 0x0000000100000000)
  eden space 28160K, 0% used [0x00000000dbf80000,0x00000000dbf80000,0x00000000ddb00000)
  from space 4608K, 0% used [0x00000000ddb00000,0x00000000ddb00000,0x00000000ddf80000)
  to   space 4608K, 0% used [0x00000000dfb00000,0x00000000dfb00000,0x00000000dff80000)
 ParOldGen       total 66048K, used 11797K [0x0000000093e00000, 0x0000000097e80000, 0x00000000dbf80000)
  object space 66048K, 17% used [0x0000000093e00000,0x0000000094985780,0x0000000097e80000)
 Metaspace       used 20364K, capacity 21294K, committed 21296K, reserved 1067008K
  class space    used 2710K, capacity 2944K, committed 2944K, reserved 1048576K
}

