# JRE version: OpenJDK Runtime Environment (8.0_171-b11) (build 1.8.0_171-8u171-b11-0ubuntu0.16.04.1-b11)
# Java VM: OpenJDK 64-Bit Server VM (25.171-b11 mixed mode linux-amd64 compressed oops)
Heap:
 PSYoungGen      total 32768K, used 16064K [0x00000000dbf80000, 0x00000000dff80000, 0x0000000100000000)
  eden space 28160K, 57% used [0x00000000dbf80000,0x00000000dcf30140,0x00000000ddb00000)
  from space 4608K, 0% used [0x00000000ddb00000,0x00000000ddb00000,0x00000000ddf80000)
  to   space 4608K, 0% used [0x00000000dfb00000,0x00000000dfb00000,0x00000000dff80000)
 ParOldGen       total 70656K, used 15619K [0x0000000093e00000, 0x0000000098300000, 0x00000000dbf80000)
  object space 70656K, 22% used [0x0000000093e00000,0x0000000094d40d38,0x0000000098300000)
 Metaspace       used 21725K, capacity 22888K, committed 23168K, reserved 1069056K
  class space    used 2865K, capacity 3137K, committed 3200K, reserved 1048576K
GC Heap History (8 events):
Event: 2,045 GC heap before
{Heap before GC invocations=1 (full 0):
 PSYoungGen      total 32768K, used 25713K [0x00000000dbf80000, 0x00000000de400000, 0x0000000100000000)
  eden space 28160K, 91% used [0x00000000dbf80000,0x00000000dd89c518,0x00000000ddb00000)
  from space 4608K, 0% used [0x00000000ddf80000,0x00000000ddf80000,0x00000000de400000)
  to   space 4608K, 0% used [0x00000000ddb00000,0x00000000ddb00000,0x00000000ddf80000)
 ParOldGen       total 75264K, used 0K [0x0000000093e00000, 0x0000000098780000, 0x00000000dbf80000)
  object space 75264K, 0% used [0x0000000093e00000,0x0000000093e00000,0x0000000098780000)
 Metaspace       used 11680K, capacity 12064K, committed 12416K, reserved 1060864K
  class space    used 1413K, capacity 1540K, committed 1664K, reserved 1048576K
Event: 2,063 GC heap after
Heap after GC invocations=1 (full 0):
 PSYoungGen      total 32768K, used 4595K [0x00000000dbf80000, 0x00000000de400000, 0x0000000100000000)
  eden space 28160K, 0% used [0x00000000dbf80000,0x00000000dbf80000,0x00000000ddb00000)
  from space 4608K, 99% used [0x00000000ddb00000,0x00000000ddf7cd78,0x00000000ddf80000)
  to   space 4608K, 0% used [0x00000000ddf80000,0x00000000ddf80000,0x00000000de400000)
 ParOldGen       total 75264K, used 3034K [0x0000000093e00000, 0x0000000098780000, 0x00000000dbf80000)
  object space 75264K, 4% used [0x0000000093e00000,0x00000000940f6928,0x0000000098780000)
 Metaspace       used 11680K, capacity 12064K, committed 12416K, reserved 1060864K
  class space    used 1413K, capacity 1540K, committed 1664K, reserved 1048576K
}
Event: 9,252 GC heap before
{Heap before GC invocations=2 (full 0):
 PSYoungGen      total 32768K, used 32755K [0x00000000dbf80000, 0x00000000de400000, 0x0000000100000000)
  eden space 28160K, 100% used [0x00000000dbf80000,0x00000000ddb00000,0x00000000ddb00000)
  from space 4608K, 99% used [0x00000000ddb00000,0x00000000ddf7cd78,0x00000000ddf80000)
  to   space 4608K, 0% used [0x00000000ddf80000,0x00000000ddf80000,0x00000000de400000)
 ParOldGen       total 75264K, used 3034K [0x0000000093e00000, 0x0000000098780000, 0x00000000dbf80000)
  object space 75264K, 4% used [0x0000000093e00000,0x00000000940f6928,0x0000000098780000)
 Metaspace       used 18361K, capacity 18962K, committed 19328K, reserved 1067008K
  class space    used 2418K, capacity 2578K, committed 2688K, reserved 1048576K
Event: 9,267 GC heap after
Heap after GC invocations=2 (full 0):
 PSYoungGen      total 32768K, used 4605K [0x00000000dbf80000, 0x00000000de400000, 0x0000000100000000)
  eden space 28160K, 0% used [0x00000000dbf80000,0x00000000dbf80000,0x00000000ddb00000)
  from space 4608K, 99% used [0x00000000ddf80000,0x00000000de3ff608,0x00000000de400000)
  to   space 4608K, 0% used [0x00000000ddb00000,0x00000000ddb00000,0x00000000ddf80000)
 ParOldGen       total 75264K, used 12081K [0x0000000093e00000, 0x0000000098780000, 0x00000000dbf80000)
  object space 75264K, 16% used [0x0000000093e00000,0x00000000949cc6c8,0x0000000098780000)
 Metaspace       used 18361K, capacity 18962K, committed 19328K, reserved 1067008K
  class space    used 2418K, capacity 2578K, committed 2688K, reserved 1048576K
}
Event: 10,196 GC heap before
{Heap before GC invocations=3 (full 0):
 PSYoungGen      total 32768K, used 16399K [0x00000000dbf80000, 0x00000000de400000, 0x0000000100000000)
  eden space 28160K, 41% used [0x00000000dbf80000,0x00000000dcb04648,0x00000000ddb00000)
  from space 4608K, 99% used [0x00000000ddf80000,0x00000000de3ff608,0x00000000de400000)
  to   space 4608K, 0% used [0x00000000ddb00000,0x00000000ddb00000,0x00000000ddf80000)
 ParOldGen       total 75264K, used 12081K [0x0000000093e00000, 0x0000000098780000, 0x00000000dbf80000)
  object space 75264K, 16% used [0x0000000093e00000,0x00000000949cc6c8,0x0000000098780000)
 Metaspace       used 20385K, capacity 21226K, committed 21296K, reserved 1067008K
  class space    used 2689K, capacity 2904K, committed 2944K, reserved 1048576K
Event: 10,218 GC heap after
Heap after GC invocations=3 (full 0):
 PSYoungGen      total 32768K, used 4599K [0x00000000dbf80000, 0x00000000dff80000, 0x0000000100000000)
  eden space 28160K, 0% used [0x00000000dbf80000,0x00000000dbf80000,0x00000000ddb00000)
  from space 4608K, 99% used [0x00000000ddb00000,0x00000000ddf7dc20,0x00000000ddf80000)
  to   space 4608K, 0% used [0x00000000dfb00000,0x00000000dfb00000,0x00000000dff80000)
 ParOldGen       total 75264K, used 14404K [0x0000000093e00000, 0x0000000098780000, 0x00000000dbf80000)
  object space 75264K, 19% used [0x0000000093e00000,0x0000000094c113a0,0x0000000098780000)
 Metaspace       used 20385K, capacity 21226K, committed 21296K, reserved 1067008K
  class space    used 2689K, capacity 2904K, committed 2944K, reserved 1048576K
}
Event: 10,218 GC heap before
{Heap before GC invocations=4 (full 1):
 PSYoungGen      total 32768K, used 4599K [0x00000000dbf80000, 0x00000000dff80000, 0x0000000100000000)
  eden space 28160K, 0% used [0x00000000dbf80000,0x00000000dbf80000,0x00000000ddb00000)
  from space 4608K, 99% used [0x00000000ddb00000,0x00000000ddf7dc20,0x00000000ddf80000)
  to   space 4608K, 0% used [0x00000000dfb00000,0x00000000dfb00000,0x00000000dff80000)
 ParOldGen       total 75264K, used 14404K [0x0000000093e00000, 0x0000000098780000, 0x00000000dbf80000)
  object space 75264K, 19% used [0x0000000093e00000,0x0000000094c113a0,0x0000000098780000)
 Metaspace       used 20385K, capacity 21226K, committed 21296K, reserved 1067008K
  class space    used 2689K, capacity 2904K, committed 2944K, reserved 1048576K
Event: 10,359 GC heap after
Heap after GC invocations=4 (full 1):
 PSYoungGen      total 32768K, used 0K [0x00000000dbf80000, 0x00000000dff80000, 0x0000000100000000)
  eden space 28160K, 0% used [0x00000000dbf80000,0x00000000dbf80000,0x00000000ddb00000)
  from space 4608K, 0% used [0x00000000ddb00000,0x00000000ddb00000,0x00000000ddf80000)
  to   space 4608K, 0% used [0x00000000dfb00000,0x00000000dfb00000,0x00000000dff80000)
 ParOldGen       total 70656K, used 15619K [0x0000000093e00000, 0x0000000098300000, 0x00000000dbf80000)
  object space 70656K, 22% used [0x0000000093e00000,0x0000000094d40d38,0x0000000098300000)
 Metaspace       used 20385K, capacity 21226K, committed 21296K, reserved 1067008K
  class space    used 2689K, capacity 2904K, committed 2944K, reserved 1048576K
}

