# JRE version: OpenJDK Runtime Environment (8.0_171-b11) (build 1.8.0_171-8u171-b11-0ubuntu0.16.04.1-b11)
# Java VM: OpenJDK 64-Bit Server VM (25.171-b11 mixed mode linux-amd64 compressed oops)
Heap:
 PSYoungGen      total 32768K, used 11816K [0x00000000dbf80000, 0x00000000dff80000, 0x0000000100000000)
  eden space 28160K, 41% used [0x00000000dbf80000,0x00000000dcb0a040,0x00000000ddb00000)
  from space 4608K, 0% used [0x00000000ddb00000,0x00000000ddb00000,0x00000000ddf80000)
  to   space 4608K, 0% used [0x00000000dfb00000,0x00000000dfb00000,0x00000000dff80000)
 ParOldGen       total 64512K, used 11879K [0x0000000093e00000, 0x0000000097d00000, 0x00000000dbf80000)
  object space 64512K, 18% used [0x0000000093e00000,0x0000000094999d30,0x0000000097d00000)
 Metaspace       used 21419K, capacity 22628K, committed 22912K, reserved 1069056K
  class space    used 2852K, capacity 3113K, committed 3200K, reserved 1048576K
GC Heap History (8 events):
Event: 2,303 GC heap before
{Heap before GC invocations=1 (full 0):
 PSYoungGen      total 32768K, used 25797K [0x00000000dbf80000, 0x00000000de400000, 0x0000000100000000)
  eden space 28160K, 91% used [0x00000000dbf80000,0x00000000dd8b1498,0x00000000ddb00000)
  from space 4608K, 0% used [0x00000000ddf80000,0x00000000ddf80000,0x00000000de400000)
  to   space 4608K, 0% used [0x00000000ddb00000,0x00000000ddb00000,0x00000000ddf80000)
 ParOldGen       total 75264K, used 0K [0x0000000093e00000, 0x0000000098780000, 0x00000000dbf80000)
  object space 75264K, 0% used [0x0000000093e00000,0x0000000093e00000,0x0000000098780000)
 Metaspace       used 11678K, capacity 12064K, committed 12416K, reserved 1060864K
  class space    used 1413K, capacity 1540K, committed 1664K, reserved 1048576K
Event: 2,317 GC heap after
Heap after GC invocations=1 (full 0):
 PSYoungGen      total 32768K, used 4594K [0x00000000dbf80000, 0x00000000de400000, 0x0000000100000000)
  eden space 28160K, 0% used [0x00000000dbf80000,0x00000000dbf80000,0x00000000ddb00000)
  from space 4608K, 99% used [0x00000000ddb00000,0x00000000ddf7cb18,0x00000000ddf80000)
  to   space 4608K, 0% used [0x00000000ddf80000,0x00000000ddf80000,0x00000000de400000)
 ParOldGen       total 75264K, used 3044K [0x0000000093e00000, 0x0000000098780000, 0x00000000dbf80000)
  object space 75264K, 4% used [0x0000000093e00000,0x00000000940f9098,0x0000000098780000)
 Metaspace       used 11678K, capacity 12064K, committed 12416K, reserved 1060864K
  class space    used 1413K, capacity 1540K, committed 1664K, reserved 1048576K
}
Event: 10,689 GC heap before
{Heap before GC invocations=2 (full 0):
 PSYoungGen      total 32768K, used 32754K [0x00000000dbf80000, 0x00000000de400000, 0x0000000100000000)
  eden space 28160K, 100% used [0x00000000dbf80000,0x00000000ddb00000,0x00000000ddb00000)
  from space 4608K, 99% used [0x00000000ddb00000,0x00000000ddf7cb18,0x00000000ddf80000)
  to   space 4608K, 0% used [0x00000000ddf80000,0x00000000ddf80000,0x00000000de400000)
 ParOldGen       total 75264K, used 3044K [0x0000000093e00000, 0x0000000098780000, 0x00000000dbf80000)
  object space 75264K, 4% used [0x0000000093e00000,0x00000000940f9098,0x0000000098780000)
 Metaspace       used 18345K, capacity 19058K, committed 19328K, reserved 1067008K
  class space    used 2426K, capacity 2588K, committed 2688K, reserved 1048576K
Event: 10,718 GC heap after
Heap after GC invocations=2 (full 0):
 PSYoungGen      total 32768K, used 4576K [0x00000000dbf80000, 0x00000000de400000, 0x0000000100000000)
  eden space 28160K, 0% used [0x00000000dbf80000,0x00000000dbf80000,0x00000000ddb00000)
  from space 4608K, 99% used [0x00000000ddf80000,0x00000000de3f8050,0x00000000de400000)
  to   space 4608K, 0% used [0x00000000ddb00000,0x00000000ddb00000,0x00000000ddf80000)
 ParOldGen       total 75264K, used 12071K [0x0000000093e00000, 0x0000000098780000, 0x00000000dbf80000)
  object space 75264K, 16% used [0x0000000093e00000,0x00000000949c9cc0,0x0000000098780000)
 Metaspace       used 18345K, capacity 19058K, committed 19328K, reserved 1067008K
  class space    used 2426K, capacity 2588K, committed 2688K, reserved 1048576K
}
Event: 11,743 GC heap before
{Heap before GC invocations=3 (full 0):
 PSYoungGen      total 32768K, used 14811K [0x00000000dbf80000, 0x00000000de400000, 0x0000000100000000)
  eden space 28160K, 36% used [0x00000000dbf80000,0x00000000dc97ec88,0x00000000ddb00000)
  from space 4608K, 99% used [0x00000000ddf80000,0x00000000de3f8050,0x00000000de400000)
  to   space 4608K, 0% used [0x00000000ddb00000,0x00000000ddb00000,0x00000000ddf80000)
 ParOldGen       total 75264K, used 12071K [0x0000000093e00000, 0x0000000098780000, 0x00000000dbf80000)
  object space 75264K, 16% used [0x0000000093e00000,0x00000000949c9cc0,0x0000000098780000)
 Metaspace       used 20340K, capacity 21220K, committed 21296K, reserved 1067008K
  class space    used 2689K, capacity 2905K, committed 2944K, reserved 1048576K
Event: 11,778 GC heap after
Heap after GC invocations=3 (full 0):
 PSYoungGen      total 32768K, used 4606K [0x00000000dbf80000, 0x00000000dff80000, 0x0000000100000000)
  eden space 28160K, 0% used [0x00000000dbf80000,0x00000000dbf80000,0x00000000ddb00000)
  from space 4608K, 99% used [0x00000000ddb00000,0x00000000ddf7fb50,0x00000000ddf80000)
  to   space 4608K, 0% used [0x00000000dfb00000,0x00000000dfb00000,0x00000000dff80000)
 ParOldGen       total 75264K, used 14242K [0x0000000093e00000, 0x0000000098780000, 0x00000000dbf80000)
  object space 75264K, 18% used [0x0000000093e00000,0x0000000094be8b30,0x0000000098780000)
 Metaspace       used 20340K, capacity 21220K, committed 21296K, reserved 1067008K
  class space    used 2689K, capacity 2905K, committed 2944K, reserved 1048576K
}
Event: 11,779 GC heap before
{Heap before GC invocations=4 (full 1):
 PSYoungGen      total 32768K, used 4606K [0x00000000dbf80000, 0x00000000dff80000, 0x0000000100000000)
  eden space 28160K, 0% used [0x00000000dbf80000,0x00000000dbf80000,0x00000000ddb00000)
  from space 4608K, 99% used [0x00000000ddb00000,0x00000000ddf7fb50,0x00000000ddf80000)
  to   space 4608K, 0% used [0x00000000dfb00000,0x00000000dfb00000,0x00000000dff80000)
 ParOldGen       total 75264K, used 14242K [0x0000000093e00000, 0x0000000098780000, 0x00000000dbf80000)
  object space 75264K, 18% used [0x0000000093e00000,0x0000000094be8b30,0x0000000098780000)
 Metaspace       used 20340K, capacity 21220K, committed 21296K, reserved 1067008K
  class space    used 2689K, capacity 2905K, committed 2944K, reserved 1048576K
Event: 11,925 GC heap after
Heap after GC invocations=4 (full 1):
 PSYoungGen      total 32768K, used 0K [0x00000000dbf80000, 0x00000000dff80000, 0x0000000100000000)
  eden space 28160K, 0% used [0x00000000dbf80000,0x00000000dbf80000,0x00000000ddb00000)
  from space 4608K, 0% used [0x00000000ddb00000,0x00000000ddb00000,0x00000000ddf80000)
  to   space 4608K, 0% used [0x00000000dfb00000,0x00000000dfb00000,0x00000000dff80000)
 ParOldGen       total 64512K, used 11879K [0x0000000093e00000, 0x0000000097d00000, 0x00000000dbf80000)
  object space 64512K, 18% used [0x0000000093e00000,0x0000000094999d30,0x0000000097d00000)
 Metaspace       used 20340K, capacity 21220K, committed 21296K, reserved 1067008K
  class space    used 2689K, capacity 2905K, committed 2944K, reserved 1048576K
}

