# JRE version: OpenJDK Runtime Environment (8.0_171-b11) (build 1.8.0_171-8u171-b11-0ubuntu0.16.04.1-b11)
# Java VM: OpenJDK 64-Bit Server VM (25.171-b11 mixed mode linux-amd64 compressed oops)
Heap:
 PSYoungGen      total 32768K, used 15472K [0x00000000dbf80000, 0x00000000dff80000, 0x0000000100000000)
  eden space 28160K, 54% used [0x00000000dbf80000,0x00000000dce9c1a8,0x00000000ddb00000)
  from space 4608K, 0% used [0x00000000ddb00000,0x00000000ddb00000,0x00000000ddf80000)
  to   space 4608K, 0% used [0x00000000dfb00000,0x00000000dfb00000,0x00000000dff80000)
 ParOldGen       total 64512K, used 11927K [0x0000000093e00000, 0x0000000097d00000, 0x00000000dbf80000)
  object space 64512K, 18% used [0x0000000093e00000,0x00000000949a5f60,0x0000000097d00000)
 Metaspace       used 21702K, capacity 22912K, committed 23168K, reserved 1069056K
  class space    used 2871K, capacity 3147K, committed 3200K, reserved 1048576K
GC Heap History (8 events):
Event: 1,955 GC heap before
{Heap before GC invocations=1 (full 0):
 PSYoungGen      total 32768K, used 25796K [0x00000000dbf80000, 0x00000000de400000, 0x0000000100000000)
  eden space 28160K, 91% used [0x00000000dbf80000,0x00000000dd8b1368,0x00000000ddb00000)
  from space 4608K, 0% used [0x00000000ddf80000,0x00000000ddf80000,0x00000000de400000)
  to   space 4608K, 0% used [0x00000000ddb00000,0x00000000ddb00000,0x00000000ddf80000)
 ParOldGen       total 75264K, used 0K [0x0000000093e00000, 0x0000000098780000, 0x00000000dbf80000)
  object space 75264K, 0% used [0x0000000093e00000,0x0000000093e00000,0x0000000098780000)
 Metaspace       used 11692K, capacity 12064K, committed 12416K, reserved 1060864K
  class space    used 1413K, capacity 1540K, committed 1664K, reserved 1048576K
Event: 1,972 GC heap after
Heap after GC invocations=1 (full 0):
 PSYoungGen      total 32768K, used 4594K [0x00000000dbf80000, 0x00000000de400000, 0x0000000100000000)
  eden space 28160K, 0% used [0x00000000dbf80000,0x00000000dbf80000,0x00000000ddb00000)
  from space 4608K, 99% used [0x00000000ddb00000,0x00000000ddf7cb18,0x00000000ddf80000)
  to   space 4608K, 0% used [0x00000000ddf80000,0x00000000ddf80000,0x00000000de400000)
 ParOldGen       total 75264K, used 3040K [0x0000000093e00000, 0x0000000098780000, 0x00000000dbf80000)
  object space 75264K, 4% used [0x0000000093e00000,0x00000000940f80b8,0x0000000098780000)
 Metaspace       used 11692K, capacity 12064K, committed 12416K, reserved 1060864K
  class space    used 1413K, capacity 1540K, committed 1664K, reserved 1048576K
}
Event: 10,552 GC heap before
{Heap before GC invocations=2 (full 0):
 PSYoungGen      total 32768K, used 32754K [0x00000000dbf80000, 0x00000000de400000, 0x0000000100000000)
  eden space 28160K, 100% used [0x00000000dbf80000,0x00000000ddb00000,0x00000000ddb00000)
  from space 4608K, 99% used [0x00000000ddb00000,0x00000000ddf7cb18,0x00000000ddf80000)
  to   space 4608K, 0% used [0x00000000ddf80000,0x00000000ddf80000,0x00000000de400000)
 ParOldGen       total 75264K, used 3040K [0x0000000093e00000, 0x0000000098780000, 0x00000000dbf80000)
  object space 75264K, 4% used [0x0000000093e00000,0x00000000940f80b8,0x0000000098780000)
 Metaspace       used 18361K, capacity 19062K, committed 19328K, reserved 1067008K
  class space    used 2420K, capacity 2588K, committed 2688K, reserved 1048576K
Event: 10,571 GC heap after
Heap after GC invocations=2 (full 0):
 PSYoungGen      total 32768K, used 4583K [0x00000000dbf80000, 0x00000000de400000, 0x0000000100000000)
  eden space 28160K, 0% used [0x00000000dbf80000,0x00000000dbf80000,0x00000000ddb00000)
  from space 4608K, 99% used [0x00000000ddf80000,0x00000000de3f9c20,0x00000000de400000)
  to   space 4608K, 0% used [0x00000000ddb00000,0x00000000ddb00000,0x00000000ddf80000)
 ParOldGen       total 75264K, used 12017K [0x0000000093e00000, 0x0000000098780000, 0x00000000dbf80000)
  object space 75264K, 15% used [0x0000000093e00000,0x00000000949bc790,0x0000000098780000)
 Metaspace       used 18361K, capacity 19062K, committed 19328K, reserved 1067008K
  class space    used 2420K, capacity 2588K, committed 2688K, reserved 1048576K
}
Event: 11,812 GC heap before
{Heap before GC invocations=3 (full 0):
 PSYoungGen      total 32768K, used 16708K [0x00000000dbf80000, 0x00000000de400000, 0x0000000100000000)
  eden space 28160K, 43% used [0x00000000dbf80000,0x00000000dcb57470,0x00000000ddb00000)
  from space 4608K, 99% used [0x00000000ddf80000,0x00000000de3f9c20,0x00000000de400000)
  to   space 4608K, 0% used [0x00000000ddb00000,0x00000000ddb00000,0x00000000ddf80000)
 ParOldGen       total 75264K, used 12017K [0x0000000093e00000, 0x0000000098780000, 0x00000000dbf80000)
  object space 75264K, 15% used [0x0000000093e00000,0x00000000949bc790,0x0000000098780000)
 Metaspace       used 20403K, capacity 21250K, committed 21296K, reserved 1067008K
  class space    used 2693K, capacity 2914K, committed 2944K, reserved 1048576K
Event: 11,844 GC heap after
Heap after GC invocations=3 (full 0):
 PSYoungGen      total 32768K, used 4583K [0x00000000dbf80000, 0x00000000dff80000, 0x0000000100000000)
  eden space 28160K, 0% used [0x00000000dbf80000,0x00000000dbf80000,0x00000000ddb00000)
  from space 4608K, 99% used [0x00000000ddb00000,0x00000000ddf79c20,0x00000000ddf80000)
  to   space 4608K, 0% used [0x00000000dfb00000,0x00000000dfb00000,0x00000000dff80000)
 ParOldGen       total 75264K, used 14264K [0x0000000093e00000, 0x0000000098780000, 0x00000000dbf80000)
  object space 75264K, 18% used [0x0000000093e00000,0x0000000094bee2b8,0x0000000098780000)
 Metaspace       used 20403K, capacity 21250K, committed 21296K, reserved 1067008K
  class space    used 2693K, capacity 2914K, committed 2944K, reserved 1048576K
}
Event: 11,844 GC heap before
{Heap before GC invocations=4 (full 1):
 PSYoungGen      total 32768K, used 4583K [0x00000000dbf80000, 0x00000000dff80000, 0x0000000100000000)
  eden space 28160K, 0% used [0x00000000dbf80000,0x00000000dbf80000,0x00000000ddb00000)
  from space 4608K, 99% used [0x00000000ddb00000,0x00000000ddf79c20,0x00000000ddf80000)
  to   space 4608K, 0% used [0x00000000dfb00000,0x00000000dfb00000,0x00000000dff80000)
 ParOldGen       total 75264K, used 14264K [0x0000000093e00000, 0x0000000098780000, 0x00000000dbf80000)
  object space 75264K, 18% used [0x0000000093e00000,0x0000000094bee2b8,0x0000000098780000)
 Metaspace       used 20403K, capacity 21250K, committed 21296K, reserved 1067008K
  class space    used 2693K, capacity 2914K, committed 2944K, reserved 1048576K
Event: 11,970 GC heap after
Heap after GC invocations=4 (full 1):
 PSYoungGen      total 32768K, used 0K [0x00000000dbf80000, 0x00000000dff80000, 0x0000000100000000)
  eden space 28160K, 0% used [0x00000000dbf80000,0x00000000dbf80000,0x00000000ddb00000)
  from space 4608K, 0% used [0x00000000ddb00000,0x00000000ddb00000,0x00000000ddf80000)
  to   space 4608K, 0% used [0x00000000dfb00000,0x00000000dfb00000,0x00000000dff80000)
 ParOldGen       total 64512K, used 11927K [0x0000000093e00000, 0x0000000097d00000, 0x00000000dbf80000)
  object space 64512K, 18% used [0x0000000093e00000,0x00000000949a5f60,0x0000000097d00000)
 Metaspace       used 20403K, capacity 21250K, committed 21296K, reserved 1067008K
  class space    used 2693K, capacity 2914K, committed 2944K, reserved 1048576K
}

