# JRE version: OpenJDK Runtime Environment (8.0_171-b11) (build 1.8.0_171-8u171-b11-0ubuntu0.16.04.1-b11)
# Java VM: OpenJDK 64-Bit Server VM (25.171-b11 mixed mode linux-amd64 compressed oops)
Heap:
 PSYoungGen      total 32768K, used 12279K [0x00000000dbf80000, 0x00000000de400000, 0x0000000100000000)
  eden space 28160K, 43% used [0x00000000dbf80000,0x00000000dcb7de80,0x00000000ddb00000)
  from space 4608K, 0% used [0x00000000ddb00000,0x00000000ddb00000,0x00000000ddf80000)
  to   space 4608K, 0% used [0x00000000ddf80000,0x00000000ddf80000,0x00000000de400000)
 ParOldGen       total 70656K, used 14111K [0x0000000093e00000, 0x0000000098300000, 0x00000000dbf80000)
  object space 70656K, 19% used [0x0000000093e00000,0x0000000094bc7d10,0x0000000098300000)
 Metaspace       used 21259K, capacity 22442K, committed 22656K, reserved 1069056K
  class space    used 2839K, capacity 3100K, committed 3200K, reserved 1048576K
GC Heap History (8 events):
Event: 2,722 GC heap before
{Heap before GC invocations=1 (full 0):
 PSYoungGen      total 32768K, used 25716K [0x00000000dbf80000, 0x00000000de400000, 0x0000000100000000)
  eden space 28160K, 91% used [0x00000000dbf80000,0x00000000dd89d190,0x00000000ddb00000)
  from space 4608K, 0% used [0x00000000ddf80000,0x00000000ddf80000,0x00000000de400000)
  to   space 4608K, 0% used [0x00000000ddb00000,0x00000000ddb00000,0x00000000ddf80000)
 ParOldGen       total 75264K, used 0K [0x0000000093e00000, 0x0000000098780000, 0x00000000dbf80000)
  object space 75264K, 0% used [0x0000000093e00000,0x0000000093e00000,0x0000000098780000)
 Metaspace       used 11692K, capacity 12064K, committed 12416K, reserved 1060864K
  class space    used 1413K, capacity 1540K, committed 1664K, reserved 1048576K
Event: 2,745 GC heap after
Heap after GC invocations=1 (full 0):
 PSYoungGen      total 32768K, used 4578K [0x00000000dbf80000, 0x00000000de400000, 0x0000000100000000)
  eden space 28160K, 0% used [0x00000000dbf80000,0x00000000dbf80000,0x00000000ddb00000)
  from space 4608K, 99% used [0x00000000ddb00000,0x00000000ddf78b38,0x00000000ddf80000)
  to   space 4608K, 0% used [0x00000000ddf80000,0x00000000ddf80000,0x00000000de400000)
 ParOldGen       total 75264K, used 3027K [0x0000000093e00000, 0x0000000098780000, 0x00000000dbf80000)
  object space 75264K, 4% used [0x0000000093e00000,0x00000000940f4f78,0x0000000098780000)
 Metaspace       used 11692K, capacity 12064K, committed 12416K, reserved 1060864K
  class space    used 1413K, capacity 1540K, committed 1664K, reserved 1048576K
}
Event: 9,936 GC heap before
{Heap before GC invocations=2 (full 0):
 PSYoungGen      total 32768K, used 32738K [0x00000000dbf80000, 0x00000000de400000, 0x0000000100000000)
  eden space 28160K, 100% used [0x00000000dbf80000,0x00000000ddb00000,0x00000000ddb00000)
  from space 4608K, 99% used [0x00000000ddb00000,0x00000000ddf78b38,0x00000000ddf80000)
  to   space 4608K, 0% used [0x00000000ddf80000,0x00000000ddf80000,0x00000000de400000)
 ParOldGen       total 75264K, used 3027K [0x0000000093e00000, 0x0000000098780000, 0x00000000dbf80000)
  object space 75264K, 4% used [0x0000000093e00000,0x00000000940f4f78,0x0000000098780000)
 Metaspace       used 18404K, capacity 19118K, committed 19328K, reserved 1067008K
  class space    used 2431K, capacity 2610K, committed 2688K, reserved 1048576K
Event: 9,960 GC heap after
Heap after GC invocations=2 (full 0):
 PSYoungGen      total 32768K, used 4607K [0x00000000dbf80000, 0x00000000de400000, 0x0000000100000000)
  eden space 28160K, 0% used [0x00000000dbf80000,0x00000000dbf80000,0x00000000ddb00000)
  from space 4608K, 99% used [0x00000000ddf80000,0x00000000de3ffc60,0x00000000de400000)
  to   space 4608K, 0% used [0x00000000ddb00000,0x00000000ddb00000,0x00000000ddf80000)
 ParOldGen       total 75264K, used 12241K [0x0000000093e00000, 0x0000000098780000, 0x00000000dbf80000)
  object space 75264K, 16% used [0x0000000093e00000,0x00000000949f4408,0x0000000098780000)
 Metaspace       used 18404K, capacity 19118K, committed 19328K, reserved 1067008K
  class space    used 2431K, capacity 2610K, committed 2688K, reserved 1048576K
}
Event: 11,369 GC heap before
{Heap before GC invocations=3 (full 0):
 PSYoungGen      total 32768K, used 14202K [0x00000000dbf80000, 0x00000000de400000, 0x0000000100000000)
  eden space 28160K, 34% used [0x00000000dbf80000,0x00000000dc8ded00,0x00000000ddb00000)
  from space 4608K, 99% used [0x00000000ddf80000,0x00000000de3ffc60,0x00000000de400000)
  to   space 4608K, 0% used [0x00000000ddb00000,0x00000000ddb00000,0x00000000ddf80000)
 ParOldGen       total 75264K, used 12241K [0x0000000093e00000, 0x0000000098780000, 0x00000000dbf80000)
  object space 75264K, 16% used [0x0000000093e00000,0x00000000949f4408,0x0000000098780000)
 Metaspace       used 20342K, capacity 21292K, committed 21296K, reserved 1067008K
  class space    used 2707K, capacity 2943K, committed 2944K, reserved 1048576K
Event: 11,390 GC heap after
Heap after GC invocations=3 (full 0):
 PSYoungGen      total 32768K, used 4592K [0x00000000dbf80000, 0x00000000de400000, 0x0000000100000000)
  eden space 28160K, 0% used [0x00000000dbf80000,0x00000000dbf80000,0x00000000ddb00000)
  from space 4608K, 99% used [0x00000000ddb00000,0x00000000ddf7c050,0x00000000ddf80000)
  to   space 4608K, 0% used [0x00000000ddf80000,0x00000000ddf80000,0x00000000de400000)
 ParOldGen       total 75264K, used 14378K [0x0000000093e00000, 0x0000000098780000, 0x00000000dbf80000)
  object space 75264K, 19% used [0x0000000093e00000,0x0000000094c0a980,0x0000000098780000)
 Metaspace       used 20342K, capacity 21292K, committed 21296K, reserved 1067008K
  class space    used 2707K, capacity 2943K, committed 2944K, reserved 1048576K
}
Event: 11,390 GC heap before
{Heap before GC invocations=4 (full 1):
 PSYoungGen      total 32768K, used 4592K [0x00000000dbf80000, 0x00000000de400000, 0x0000000100000000)
  eden space 28160K, 0% used [0x00000000dbf80000,0x00000000dbf80000,0x00000000ddb00000)
  from space 4608K, 99% used [0x00000000ddb00000,0x00000000ddf7c050,0x00000000ddf80000)
  to   space 4608K, 0% used [0x00000000ddf80000,0x00000000ddf80000,0x00000000de400000)
 ParOldGen       total 75264K, used 14378K [0x0000000093e00000, 0x0000000098780000, 0x00000000dbf80000)
  object space 75264K, 19% used [0x0000000093e00000,0x0000000094c0a980,0x0000000098780000)
 Metaspace       used 20342K, capacity 21292K, committed 21296K, reserved 1067008K
  class space    used 2707K, capacity 2943K, committed 2944K, reserved 1048576K
Event: 11,546 GC heap after
Heap after GC invocations=4 (full 1):
 PSYoungGen      total 32768K, used 0K [0x00000000dbf80000, 0x00000000de400000, 0x0000000100000000)
  eden space 28160K, 0% used [0x00000000dbf80000,0x00000000dbf80000,0x00000000ddb00000)
  from space 4608K, 0% used [0x00000000ddb00000,0x00000000ddb00000,0x00000000ddf80000)
  to   space 4608K, 0% used [0x00000000ddf80000,0x00000000ddf80000,0x00000000de400000)
 ParOldGen       total 70656K, used 14111K [0x0000000093e00000, 0x0000000098300000, 0x00000000dbf80000)
  object space 70656K, 19% used [0x0000000093e00000,0x0000000094bc7d10,0x0000000098300000)
 Metaspace       used 20342K, capacity 21292K, committed 21296K, reserved 1067008K
  class space    used 2707K, capacity 2943K, committed 2944K, reserved 1048576K
}

