# JRE version: OpenJDK Runtime Environment (8.0_171-b11) (build 1.8.0_171-8u171-b11-0ubuntu0.16.04.1-b11)
# Java VM: OpenJDK 64-Bit Server VM (25.171-b11 mixed mode linux-amd64 compressed oops)
Heap:
 PSYoungGen      total 32768K, used 11715K [0x00000000dbf80000, 0x00000000dff80000, 0x0000000100000000)
  eden space 28160K, 41% used [0x00000000dbf80000,0x00000000dcaf0ee0,0x00000000ddb00000)
  from space 4608K, 0% used [0x00000000ddb00000,0x00000000ddb00000,0x00000000ddf80000)
  to   space 4608K, 0% used [0x00000000dfb00000,0x00000000dfb00000,0x00000000dff80000)
 ParOldGen       total 65536K, used 11802K [0x0000000093e00000, 0x0000000097e00000, 0x00000000dbf80000)
  object space 65536K, 18% used [0x0000000093e00000,0x0000000094986910,0x0000000097e00000)
 Metaspace       used 21291K, capacity 22508K, committed 22656K, reserved 1069056K
  class space    used 2842K, capacity 3101K, committed 3200K, reserved 1048576K
GC Heap History (8 events):
Event: 2,625 GC heap before
{Heap before GC invocations=1 (full 0):
 PSYoungGen      total 32768K, used 25797K [0x00000000dbf80000, 0x00000000de400000, 0x0000000100000000)
  eden space 28160K, 91% used [0x00000000dbf80000,0x00000000dd8b1488,0x00000000ddb00000)
  from space 4608K, 0% used [0x00000000ddf80000,0x00000000ddf80000,0x00000000de400000)
  to   space 4608K, 0% used [0x00000000ddb00000,0x00000000ddb00000,0x00000000ddf80000)
 ParOldGen       total 75264K, used 0K [0x0000000093e00000, 0x0000000098780000, 0x00000000dbf80000)
  object space 75264K, 0% used [0x0000000093e00000,0x0000000093e00000,0x0000000098780000)
 Metaspace       used 11693K, capacity 12064K, committed 12416K, reserved 1060864K
  class space    used 1413K, capacity 1540K, committed 1664K, reserved 1048576K
Event: 2,650 GC heap after
Heap after GC invocations=1 (full 0):
 PSYoungGen      total 32768K, used 4594K [0x00000000dbf80000, 0x00000000de400000, 0x0000000100000000)
  eden space 28160K, 0% used [0x00000000dbf80000,0x00000000dbf80000,0x00000000ddb00000)
  from space 4608K, 99% used [0x00000000ddb00000,0x00000000ddf7cb18,0x00000000ddf80000)
  to   space 4608K, 0% used [0x00000000ddf80000,0x00000000ddf80000,0x00000000de400000)
 ParOldGen       total 75264K, used 3054K [0x0000000093e00000, 0x0000000098780000, 0x00000000dbf80000)
  object space 75264K, 4% used [0x0000000093e00000,0x00000000940fbb78,0x0000000098780000)
 Metaspace       used 11693K, capacity 12064K, committed 12416K, reserved 1060864K
  class space    used 1413K, capacity 1540K, committed 1664K, reserved 1048576K
}
Event: 8,816 GC heap before
{Heap before GC invocations=2 (full 0):
 PSYoungGen      total 32768K, used 32754K [0x00000000dbf80000, 0x00000000de400000, 0x0000000100000000)
  eden space 28160K, 100% used [0x00000000dbf80000,0x00000000ddb00000,0x00000000ddb00000)
  from space 4608K, 99% used [0x00000000ddb00000,0x00000000ddf7cb18,0x00000000ddf80000)
  to   space 4608K, 0% used [0x00000000ddf80000,0x00000000ddf80000,0x00000000de400000)
 ParOldGen       total 75264K, used 3054K [0x0000000093e00000, 0x0000000098780000, 0x00000000dbf80000)
  object space 75264K, 4% used [0x0000000093e00000,0x00000000940fbb78,0x0000000098780000)
 Metaspace       used 18434K, capacity 19118K, committed 19328K, reserved 1067008K
  class space    used 2432K, capacity 2610K, committed 2688K, reserved 1048576K
Event: 8,863 GC heap after
Heap after GC invocations=2 (full 0):
 PSYoungGen      total 32768K, used 4592K [0x00000000dbf80000, 0x00000000de400000, 0x0000000100000000)
  eden space 28160K, 0% used [0x00000000dbf80000,0x00000000dbf80000,0x00000000ddb00000)
  from space 4608K, 99% used [0x00000000ddf80000,0x00000000de3fc040,0x00000000de400000)
  to   space 4608K, 0% used [0x00000000ddb00000,0x00000000ddb00000,0x00000000ddf80000)
 ParOldGen       total 75264K, used 12173K [0x0000000093e00000, 0x0000000098780000, 0x00000000dbf80000)
  object space 75264K, 16% used [0x0000000093e00000,0x00000000949e37a0,0x0000000098780000)
 Metaspace       used 18434K, capacity 19118K, committed 19328K, reserved 1067008K
  class space    used 2432K, capacity 2610K, committed 2688K, reserved 1048576K
}
Event: 10,306 GC heap before
{Heap before GC invocations=3 (full 0):
 PSYoungGen      total 32768K, used 14709K [0x00000000dbf80000, 0x00000000de400000, 0x0000000100000000)
  eden space 28160K, 35% used [0x00000000dbf80000,0x00000000dc9613e8,0x00000000ddb00000)
  from space 4608K, 99% used [0x00000000ddf80000,0x00000000de3fc040,0x00000000de400000)
  to   space 4608K, 0% used [0x00000000ddb00000,0x00000000ddb00000,0x00000000ddf80000)
 ParOldGen       total 75264K, used 12173K [0x0000000093e00000, 0x0000000098780000, 0x00000000dbf80000)
  object space 75264K, 16% used [0x0000000093e00000,0x00000000949e37a0,0x0000000098780000)
 Metaspace       used 20370K, capacity 21286K, committed 21296K, reserved 1067008K
  class space    used 2709K, capacity 2942K, committed 2944K, reserved 1048576K
Event: 10,343 GC heap after
Heap after GC invocations=3 (full 0):
 PSYoungGen      total 32768K, used 4576K [0x00000000dbf80000, 0x00000000dff80000, 0x0000000100000000)
  eden space 28160K, 0% used [0x00000000dbf80000,0x00000000dbf80000,0x00000000ddb00000)
  from space 4608K, 99% used [0x00000000ddb00000,0x00000000ddf78030,0x00000000ddf80000)
  to   space 4608K, 0% used [0x00000000dfb00000,0x00000000dfb00000,0x00000000dff80000)
 ParOldGen       total 75264K, used 14320K [0x0000000093e00000, 0x0000000098780000, 0x00000000dbf80000)
  object space 75264K, 19% used [0x0000000093e00000,0x0000000094bfc3e8,0x0000000098780000)
 Metaspace       used 20370K, capacity 21286K, committed 21296K, reserved 1067008K
  class space    used 2709K, capacity 2942K, committed 2944K, reserved 1048576K
}
Event: 10,343 GC heap before
{Heap before GC invocations=4 (full 1):
 PSYoungGen      total 32768K, used 4576K [0x00000000dbf80000, 0x00000000dff80000, 0x0000000100000000)
  eden space 28160K, 0% used [0x00000000dbf80000,0x00000000dbf80000,0x00000000ddb00000)
  from space 4608K, 99% used [0x00000000ddb00000,0x00000000ddf78030,0x00000000ddf80000)
  to   space 4608K, 0% used [0x00000000dfb00000,0x00000000dfb00000,0x00000000dff80000)
 ParOldGen       total 75264K, used 14320K [0x0000000093e00000, 0x0000000098780000, 0x00000000dbf80000)
  object space 75264K, 19% used [0x0000000093e00000,0x0000000094bfc3e8,0x0000000098780000)
 Metaspace       used 20370K, capacity 21286K, committed 21296K, reserved 1067008K
  class space    used 2709K, capacity 2942K, committed 2944K, reserved 1048576K
Event: 10,501 GC heap after
Heap after GC invocations=4 (full 1):
 PSYoungGen      total 32768K, used 0K [0x00000000dbf80000, 0x00000000dff80000, 0x0000000100000000)
  eden space 28160K, 0% used [0x00000000dbf80000,0x00000000dbf80000,0x00000000ddb00000)
  from space 4608K, 0% used [0x00000000ddb00000,0x00000000ddb00000,0x00000000ddf80000)
  to   space 4608K, 0% used [0x00000000dfb00000,0x00000000dfb00000,0x00000000dff80000)
 ParOldGen       total 65536K, used 11802K [0x0000000093e00000, 0x0000000097e00000, 0x00000000dbf80000)
  object space 65536K, 18% used [0x0000000093e00000,0x0000000094986910,0x0000000097e00000)
 Metaspace       used 20370K, capacity 21286K, committed 21296K, reserved 1067008K
  class space    used 2709K, capacity 2942K, committed 2944K, reserved 1048576K
}

