# JRE version: OpenJDK Runtime Environment (8.0_171-b11) (build 1.8.0_171-8u171-b11-0ubuntu0.16.04.1-b11)
# Java VM: OpenJDK 64-Bit Server VM (25.171-b11 mixed mode linux-amd64 compressed oops)
Heap:
 PSYoungGen      total 32768K, used 11957K [0x00000000dbf80000, 0x00000000dff80000, 0x0000000100000000)
  eden space 28160K, 42% used [0x00000000dbf80000,0x00000000dcb2d4a8,0x00000000ddb00000)
  from space 4608K, 0% used [0x00000000ddb00000,0x00000000ddb00000,0x00000000ddf80000)
  to   space 4608K, 0% used [0x00000000dfb00000,0x00000000dfb00000,0x00000000dff80000)
 ParOldGen       total 68608K, used 15563K [0x0000000093e00000, 0x0000000098100000, 0x00000000dbf80000)
  object space 68608K, 22% used [0x0000000093e00000,0x0000000094d32ef0,0x0000000098100000)
 Metaspace       used 21367K, capacity 22549K, committed 22656K, reserved 1069056K
  class space    used 2849K, capacity 3114K, committed 3200K, reserved 1048576K
GC Heap History (8 events):
Event: 2,805 GC heap before
{Heap before GC invocations=1 (full 0):
 PSYoungGen      total 32768K, used 25796K [0x00000000dbf80000, 0x00000000de400000, 0x0000000100000000)
  eden space 28160K, 91% used [0x00000000dbf80000,0x00000000dd8b1288,0x00000000ddb00000)
  from space 4608K, 0% used [0x00000000ddf80000,0x00000000ddf80000,0x00000000de400000)
  to   space 4608K, 0% used [0x00000000ddb00000,0x00000000ddb00000,0x00000000ddf80000)
 ParOldGen       total 75264K, used 0K [0x0000000093e00000, 0x0000000098780000, 0x00000000dbf80000)
  object space 75264K, 0% used [0x0000000093e00000,0x0000000093e00000,0x0000000098780000)
 Metaspace       used 11682K, capacity 12064K, committed 12416K, reserved 1060864K
  class space    used 1413K, capacity 1540K, committed 1664K, reserved 1048576K
Event: 2,824 GC heap after
Heap after GC invocations=1 (full 0):
 PSYoungGen      total 32768K, used 4594K [0x00000000dbf80000, 0x00000000de400000, 0x0000000100000000)
  eden space 28160K, 0% used [0x00000000dbf80000,0x00000000dbf80000,0x00000000ddb00000)
  from space 4608K, 99% used [0x00000000ddb00000,0x00000000ddf7cb18,0x00000000ddf80000)
  to   space 4608K, 0% used [0x00000000ddf80000,0x00000000ddf80000,0x00000000de400000)
 ParOldGen       total 75264K, used 3006K [0x0000000093e00000, 0x0000000098780000, 0x00000000dbf80000)
  object space 75264K, 3% used [0x0000000093e00000,0x00000000940efac0,0x0000000098780000)
 Metaspace       used 11682K, capacity 12064K, committed 12416K, reserved 1060864K
  class space    used 1413K, capacity 1540K, committed 1664K, reserved 1048576K
}
Event: 11,429 GC heap before
{Heap before GC invocations=2 (full 0):
 PSYoungGen      total 32768K, used 32754K [0x00000000dbf80000, 0x00000000de400000, 0x0000000100000000)
  eden space 28160K, 100% used [0x00000000dbf80000,0x00000000ddb00000,0x00000000ddb00000)
  from space 4608K, 99% used [0x00000000ddb00000,0x00000000ddf7cb18,0x00000000ddf80000)
  to   space 4608K, 0% used [0x00000000ddf80000,0x00000000ddf80000,0x00000000de400000)
 ParOldGen       total 75264K, used 3006K [0x0000000093e00000, 0x0000000098780000, 0x00000000dbf80000)
  object space 75264K, 3% used [0x0000000093e00000,0x00000000940efac0,0x0000000098780000)
 Metaspace       used 18445K, capacity 19090K, committed 19328K, reserved 1067008K
  class space    used 2432K, capacity 2620K, committed 2688K, reserved 1048576K
Event: 11,454 GC heap after
Heap after GC invocations=2 (full 0):
 PSYoungGen      total 32768K, used 4583K [0x00000000dbf80000, 0x00000000de400000, 0x0000000100000000)
  eden space 28160K, 0% used [0x00000000dbf80000,0x00000000dbf80000,0x00000000ddb00000)
  from space 4608K, 99% used [0x00000000ddf80000,0x00000000de3f9c30,0x00000000de400000)
  to   space 4608K, 0% used [0x00000000ddb00000,0x00000000ddb00000,0x00000000ddf80000)
 ParOldGen       total 75264K, used 12114K [0x0000000093e00000, 0x0000000098780000, 0x00000000dbf80000)
  object space 75264K, 16% used [0x0000000093e00000,0x00000000949d4a08,0x0000000098780000)
 Metaspace       used 18445K, capacity 19090K, committed 19328K, reserved 1067008K
  class space    used 2432K, capacity 2620K, committed 2688K, reserved 1048576K
}
Event: 12,715 GC heap before
{Heap before GC invocations=3 (full 0):
 PSYoungGen      total 32768K, used 14294K [0x00000000dbf80000, 0x00000000de400000, 0x0000000100000000)
  eden space 28160K, 34% used [0x00000000dbf80000,0x00000000dc8fbde8,0x00000000ddb00000)
  from space 4608K, 99% used [0x00000000ddf80000,0x00000000de3f9c30,0x00000000de400000)
  to   space 4608K, 0% used [0x00000000ddb00000,0x00000000ddb00000,0x00000000ddf80000)
 ParOldGen       total 75264K, used 12114K [0x0000000093e00000, 0x0000000098780000, 0x00000000dbf80000)
  object space 75264K, 16% used [0x0000000093e00000,0x00000000949d4a08,0x0000000098780000)
 Metaspace       used 20385K, capacity 21275K, committed 21296K, reserved 1067008K
  class space    used 2709K, capacity 2944K, committed 2944K, reserved 1048576K
Event: 12,744 GC heap after
Heap after GC invocations=3 (full 0):
 PSYoungGen      total 32768K, used 4599K [0x00000000dbf80000, 0x00000000dff80000, 0x0000000100000000)
  eden space 28160K, 0% used [0x00000000dbf80000,0x00000000dbf80000,0x00000000ddb00000)
  from space 4608K, 99% used [0x00000000ddb00000,0x00000000ddf7dc20,0x00000000ddf80000)
  to   space 4608K, 0% used [0x00000000dfb00000,0x00000000dfb00000,0x00000000dff80000)
 ParOldGen       total 75264K, used 14324K [0x0000000093e00000, 0x0000000098780000, 0x00000000dbf80000)
  object space 75264K, 19% used [0x0000000093e00000,0x0000000094bfd090,0x0000000098780000)
 Metaspace       used 20385K, capacity 21275K, committed 21296K, reserved 1067008K
  class space    used 2709K, capacity 2944K, committed 2944K, reserved 1048576K
}
Event: 12,745 GC heap before
{Heap before GC invocations=4 (full 1):
 PSYoungGen      total 32768K, used 4599K [0x00000000dbf80000, 0x00000000dff80000, 0x0000000100000000)
  eden space 28160K, 0% used [0x00000000dbf80000,0x00000000dbf80000,0x00000000ddb00000)
  from space 4608K, 99% used [0x00000000ddb00000,0x00000000ddf7dc20,0x00000000ddf80000)
  to   space 4608K, 0% used [0x00000000dfb00000,0x00000000dfb00000,0x00000000dff80000)
 ParOldGen       total 75264K, used 14324K [0x0000000093e00000, 0x0000000098780000, 0x00000000dbf80000)
  object space 75264K, 19% used [0x0000000093e00000,0x0000000094bfd090,0x0000000098780000)
 Metaspace       used 20385K, capacity 21275K, committed 21296K, reserved 1067008K
  class space    used 2709K, capacity 2944K, committed 2944K, reserved 1048576K
Event: 12,878 GC heap after
Heap after GC invocations=4 (full 1):
 PSYoungGen      total 32768K, used 0K [0x00000000dbf80000, 0x00000000dff80000, 0x0000000100000000)
  eden space 28160K, 0% used [0x00000000dbf80000,0x00000000dbf80000,0x00000000ddb00000)
  from space 4608K, 0% used [0x00000000ddb00000,0x00000000ddb00000,0x00000000ddf80000)
  to   space 4608K, 0% used [0x00000000dfb00000,0x00000000dfb00000,0x00000000dff80000)
 ParOldGen       total 68608K, used 15563K [0x0000000093e00000, 0x0000000098100000, 0x00000000dbf80000)
  object space 68608K, 22% used [0x0000000093e00000,0x0000000094d32ef0,0x0000000098100000)
 Metaspace       used 20385K, capacity 21275K, committed 21296K, reserved 1067008K
  class space    used 2709K, capacity 2944K, committed 2944K, reserved 1048576K
}

